Watching for file changes with StatReloader
Performing system checks...

System check identified no issues (0 silenced).
March 04, 2023 - 18:32:01
Django version 3.2.3, using settings 'edunext.settings'
Starting development server at http://127.0.0.1:8000/
Quit the server with CONTROL-C.
Error: That port is already in use.
Watching for file changes with StatReloader
Performing system checks...

System check identified no issues (0 silenced).
March 04, 2023 - 18:40:10
Django version 3.2.3, using settings 'edunext.settings'
Starting development server at http://127.0.0.1:8000/
Quit the server with CONTROL-C.
Error: That port is already in use.
Watching for file changes with StatReloader
Performing system checks...

System check identified no issues (0 silenced).
March 04, 2023 - 18:50:51
Django version 3.2.3, using settings 'edunext.settings'
Starting development server at http://127.0.0.1:8000/
Quit the server with CONTROL-C.
Error: That port is already in use.
